<?xml version="1.0" encoding="UTF-8"?>
<testsuite xmlns:xsi="http://www.w3.org/2001/XMLSchema-instance" xsi:noNamespaceSchemaLocation="https://maven.apache.org/surefire/maven-surefire-plugin/xsd/surefire-test-report.xsd" name="ApiTest.PetstoreAPIAutomation.AppTest" time="0.052" tests="1" errors="0" skipped="0" failures="0">
  <properties>
    <property name="gopherProxySet" value="false"/>
    <property name="awt.toolkit" value="sun.lwawt.macosx.LWCToolkit"/>
    <property name="file.encoding.pkg" value="sun.io"/>
    <property name="java.specification.version" value="1.8"/>
    <property name="sun.cpu.isalist" value=""/>
    <property name="sun.jnu.encoding" value="UTF-8"/>
    <property name="java.class.path" value="/Users/shashank.kumar.tyagi/eclipse-workspace/PetstoreAPIAutomation/target/test-classes:/Users/shashank.kumar.tyagi/eclipse-workspace/PetstoreAPIAutomation/target/classes:/Users/shashank.kumar.tyagi/.m2/repository/junit/junit/4.11/junit-4.11.jar:/Users/shashank.kumar.tyagi/.m2/repository/org/hamcrest/hamcrest-core/1.3/hamcrest-core-1.3.jar:/Users/shashank.kumar.tyagi/.m2/repository/io/rest-assured/rest-assured/4.2.0/rest-assured-4.2.0.jar:/Users/shashank.kumar.tyagi/.m2/repository/org/codehaus/groovy/groovy/2.5.8/groovy-2.5.8.jar:/Users/shashank.kumar.tyagi/.m2/repository/org/codehaus/groovy/groovy-xml/2.5.8/groovy-xml-2.5.8.jar:/Users/shashank.kumar.tyagi/.m2/repository/org/apache/httpcomponents/httpclient/4.5.3/httpclient-4.5.3.jar:/Users/shashank.kumar.tyagi/.m2/repository/org/apache/httpcomponents/httpcore/4.4.6/httpcore-4.4.6.jar:/Users/shashank.kumar.tyagi/.m2/repository/commons-logging/commons-logging/1.2/commons-logging-1.2.jar:/Users/shashank.kumar.tyagi/.m2/repository/commons-codec/commons-codec/1.9/commons-codec-1.9.jar:/Users/shashank.kumar.tyagi/.m2/repository/org/apache/httpcomponents/httpmime/4.5.3/httpmime-4.5.3.jar:/Users/shashank.kumar.tyagi/.m2/repository/org/hamcrest/hamcrest/2.1/hamcrest-2.1.jar:/Users/shashank.kumar.tyagi/.m2/repository/org/ccil/cowan/tagsoup/tagsoup/1.2.1/tagsoup-1.2.1.jar:/Users/shashank.kumar.tyagi/.m2/repository/io/rest-assured/json-path/4.2.0/json-path-4.2.0.jar:/Users/shashank.kumar.tyagi/.m2/repository/org/codehaus/groovy/groovy-json/2.5.8/groovy-json-2.5.8.jar:/Users/shashank.kumar.tyagi/.m2/repository/io/rest-assured/rest-assured-common/4.2.0/rest-assured-common-4.2.0.jar:/Users/shashank.kumar.tyagi/.m2/repository/io/rest-assured/xml-path/4.2.0/xml-path-4.2.0.jar:/Users/shashank.kumar.tyagi/.m2/repository/org/apache/commons/commons-lang3/3.4/commons-lang3-3.4.jar:/Users/shashank.kumar.tyagi/.m2/repository/jakarta/xml/bind/jakarta.xml.bind-api/2.3.2/jakarta.xml.bind-api-2.3.2.jar:/Users/shashank.kumar.tyagi/.m2/repository/jakarta/activation/jakarta.activation-api/1.2.1/jakarta.activation-api-1.2.1.jar:/Users/shashank.kumar.tyagi/.m2/repository/com/sun/xml/bind/jaxb-osgi/2.3.0.1/jaxb-osgi-2.3.0.1.jar:/Users/shashank.kumar.tyagi/.m2/repository/org/apache/sling/org.apache.sling.javax.activation/0.1.0/org.apache.sling.javax.activation-0.1.0.jar:/Users/shashank.kumar.tyagi/.m2/repository/javax/activation/activation/1.1.1/activation-1.1.1.jar:/Users/shashank.kumar.tyagi/.m2/repository/io/cucumber/cucumber-java/5.2.0/cucumber-java-5.2.0.jar:/Users/shashank.kumar.tyagi/.m2/repository/io/cucumber/cucumber-core/5.2.0/cucumber-core-5.2.0.jar:/Users/shashank.kumar.tyagi/.m2/repository/io/cucumber/cucumber-gherkin/5.2.0/cucumber-gherkin-5.2.0.jar:/Users/shashank.kumar.tyagi/.m2/repository/io/cucumber/cucumber-gherkin-vintage/5.2.0/cucumber-gherkin-vintage-5.2.0.jar:/Users/shashank.kumar.tyagi/.m2/repository/io/cucumber/tag-expressions/2.0.4/tag-expressions-2.0.4.jar:/Users/shashank.kumar.tyagi/.m2/repository/io/cucumber/cucumber-expressions/8.3.1/cucumber-expressions-8.3.1.jar:/Users/shashank.kumar.tyagi/.m2/repository/io/cucumber/datatable/3.3.0/datatable-3.3.0.jar:/Users/shashank.kumar.tyagi/.m2/repository/io/cucumber/cucumber-plugin/5.2.0/cucumber-plugin-5.2.0.jar:/Users/shashank.kumar.tyagi/.m2/repository/io/cucumber/docstring/5.2.0/docstring-5.2.0.jar:/Users/shashank.kumar.tyagi/.m2/repository/org/apiguardian/apiguardian-api/1.1.0/apiguardian-api-1.1.0.jar:/Users/shashank.kumar.tyagi/.m2/repository/io/cucumber/cucumber-jvm-deps/1.0.6/cucumber-jvm-deps-1.0.6.jar:/Users/shashank.kumar.tyagi/.m2/repository/io/cucumber/cucumber-junit/5.2.0/cucumber-junit-5.2.0.jar:"/>
    <property name="java.vm.vendor" value="Oracle Corporation"/>
    <property name="sun.arch.data.model" value="64"/>
    <property name="java.vendor.url" value="http://java.oracle.com/"/>
    <property name="user.timezone" value=""/>
    <property name="java.vm.specification.version" value="1.8"/>
    <property name="os.name" value="Mac OS X"/>
    <property name="user.country" value="IN"/>
    <property name="sun.java.launcher" value="SUN_STANDARD"/>
    <property name="sun.boot.library.path" value="/Library/Java/JavaVirtualMachines/jdk1.8.0_261.jdk/Contents/Home/jre/lib"/>
    <property name="sun.java.command" value="/Users/shashank.kumar.tyagi/eclipse-workspace/PetstoreAPIAutomation/target/surefire/surefirebooter7556351454044723655.jar /Users/shashank.kumar.tyagi/eclipse-workspace/PetstoreAPIAutomation/target/surefire 2020-12-05T21-58-16_676-jvmRun1 surefire7876288921243368931tmp surefire_0481996180437197582tmp"/>
    <property name="surefire.test.class.path" value="/Users/shashank.kumar.tyagi/eclipse-workspace/PetstoreAPIAutomation/target/test-classes:/Users/shashank.kumar.tyagi/eclipse-workspace/PetstoreAPIAutomation/target/classes:/Users/shashank.kumar.tyagi/.m2/repository/junit/junit/4.11/junit-4.11.jar:/Users/shashank.kumar.tyagi/.m2/repository/org/hamcrest/hamcrest-core/1.3/hamcrest-core-1.3.jar:/Users/shashank.kumar.tyagi/.m2/repository/io/rest-assured/rest-assured/4.2.0/rest-assured-4.2.0.jar:/Users/shashank.kumar.tyagi/.m2/repository/org/codehaus/groovy/groovy/2.5.8/groovy-2.5.8.jar:/Users/shashank.kumar.tyagi/.m2/repository/org/codehaus/groovy/groovy-xml/2.5.8/groovy-xml-2.5.8.jar:/Users/shashank.kumar.tyagi/.m2/repository/org/apache/httpcomponents/httpclient/4.5.3/httpclient-4.5.3.jar:/Users/shashank.kumar.tyagi/.m2/repository/org/apache/httpcomponents/httpcore/4.4.6/httpcore-4.4.6.jar:/Users/shashank.kumar.tyagi/.m2/repository/commons-logging/commons-logging/1.2/commons-logging-1.2.jar:/Users/shashank.kumar.tyagi/.m2/repository/commons-codec/commons-codec/1.9/commons-codec-1.9.jar:/Users/shashank.kumar.tyagi/.m2/repository/org/apache/httpcomponents/httpmime/4.5.3/httpmime-4.5.3.jar:/Users/shashank.kumar.tyagi/.m2/repository/org/hamcrest/hamcrest/2.1/hamcrest-2.1.jar:/Users/shashank.kumar.tyagi/.m2/repository/org/ccil/cowan/tagsoup/tagsoup/1.2.1/tagsoup-1.2.1.jar:/Users/shashank.kumar.tyagi/.m2/repository/io/rest-assured/json-path/4.2.0/json-path-4.2.0.jar:/Users/shashank.kumar.tyagi/.m2/repository/org/codehaus/groovy/groovy-json/2.5.8/groovy-json-2.5.8.jar:/Users/shashank.kumar.tyagi/.m2/repository/io/rest-assured/rest-assured-common/4.2.0/rest-assured-common-4.2.0.jar:/Users/shashank.kumar.tyagi/.m2/repository/io/rest-assured/xml-path/4.2.0/xml-path-4.2.0.jar:/Users/shashank.kumar.tyagi/.m2/repository/org/apache/commons/commons-lang3/3.4/commons-lang3-3.4.jar:/Users/shashank.kumar.tyagi/.m2/repository/jakarta/xml/bind/jakarta.xml.bind-api/2.3.2/jakarta.xml.bind-api-2.3.2.jar:/Users/shashank.kumar.tyagi/.m2/repository/jakarta/activation/jakarta.activation-api/1.2.1/jakarta.activation-api-1.2.1.jar:/Users/shashank.kumar.tyagi/.m2/repository/com/sun/xml/bind/jaxb-osgi/2.3.0.1/jaxb-osgi-2.3.0.1.jar:/Users/shashank.kumar.tyagi/.m2/repository/org/apache/sling/org.apache.sling.javax.activation/0.1.0/org.apache.sling.javax.activation-0.1.0.jar:/Users/shashank.kumar.tyagi/.m2/repository/javax/activation/activation/1.1.1/activation-1.1.1.jar:/Users/shashank.kumar.tyagi/.m2/repository/io/cucumber/cucumber-java/5.2.0/cucumber-java-5.2.0.jar:/Users/shashank.kumar.tyagi/.m2/repository/io/cucumber/cucumber-core/5.2.0/cucumber-core-5.2.0.jar:/Users/shashank.kumar.tyagi/.m2/repository/io/cucumber/cucumber-gherkin/5.2.0/cucumber-gherkin-5.2.0.jar:/Users/shashank.kumar.tyagi/.m2/repository/io/cucumber/cucumber-gherkin-vintage/5.2.0/cucumber-gherkin-vintage-5.2.0.jar:/Users/shashank.kumar.tyagi/.m2/repository/io/cucumber/tag-expressions/2.0.4/tag-expressions-2.0.4.jar:/Users/shashank.kumar.tyagi/.m2/repository/io/cucumber/cucumber-expressions/8.3.1/cucumber-expressions-8.3.1.jar:/Users/shashank.kumar.tyagi/.m2/repository/io/cucumber/datatable/3.3.0/datatable-3.3.0.jar:/Users/shashank.kumar.tyagi/.m2/repository/io/cucumber/cucumber-plugin/5.2.0/cucumber-plugin-5.2.0.jar:/Users/shashank.kumar.tyagi/.m2/repository/io/cucumber/docstring/5.2.0/docstring-5.2.0.jar:/Users/shashank.kumar.tyagi/.m2/repository/org/apiguardian/apiguardian-api/1.1.0/apiguardian-api-1.1.0.jar:/Users/shashank.kumar.tyagi/.m2/repository/io/cucumber/cucumber-jvm-deps/1.0.6/cucumber-jvm-deps-1.0.6.jar:/Users/shashank.kumar.tyagi/.m2/repository/io/cucumber/cucumber-junit/5.2.0/cucumber-junit-5.2.0.jar:"/>
    <property name="sun.cpu.endian" value="little"/>
    <property name="user.home" value="/Users/shashank.kumar.tyagi"/>
    <property name="user.language" value="en"/>
    <property name="java.specification.vendor" value="Oracle Corporation"/>
    <property name="java.home" value="/Library/Java/JavaVirtualMachines/jdk1.8.0_261.jdk/Contents/Home/jre"/>
    <property name="basedir" value="/Users/shashank.kumar.tyagi/eclipse-workspace/PetstoreAPIAutomation"/>
    <property name="file.separator" value="/"/>
    <property name="line.separator" value="&#10;"/>
    <property name="java.vm.specification.vendor" value="Oracle Corporation"/>
    <property name="java.specification.name" value="Java Platform API Specification"/>
    <property name="java.awt.graphicsenv" value="sun.awt.CGraphicsEnvironment"/>
    <property name="surefire.real.class.path" value="/Users/shashank.kumar.tyagi/eclipse-workspace/PetstoreAPIAutomation/target/surefire/surefirebooter7556351454044723655.jar"/>
    <property name="sun.boot.class.path" value="/Library/Java/JavaVirtualMachines/jdk1.8.0_261.jdk/Contents/Home/jre/lib/resources.jar:/Library/Java/JavaVirtualMachines/jdk1.8.0_261.jdk/Contents/Home/jre/lib/rt.jar:/Library/Java/JavaVirtualMachines/jdk1.8.0_261.jdk/Contents/Home/jre/lib/sunrsasign.jar:/Library/Java/JavaVirtualMachines/jdk1.8.0_261.jdk/Contents/Home/jre/lib/jsse.jar:/Library/Java/JavaVirtualMachines/jdk1.8.0_261.jdk/Contents/Home/jre/lib/jce.jar:/Library/Java/JavaVirtualMachines/jdk1.8.0_261.jdk/Contents/Home/jre/lib/charsets.jar:/Library/Java/JavaVirtualMachines/jdk1.8.0_261.jdk/Contents/Home/jre/lib/jfr.jar:/Library/Java/JavaVirtualMachines/jdk1.8.0_261.jdk/Contents/Home/jre/classes"/>
    <property name="sun.management.compiler" value="HotSpot 64-Bit Tiered Compilers"/>
    <property name="java.runtime.version" value="1.8.0_261-b12"/>
    <property name="user.name" value="shashank.kumar.tyagi"/>
    <property name="path.separator" value=":"/>
    <property name="os.version" value="10.15.7"/>
    <property name="java.endorsed.dirs" value="/Library/Java/JavaVirtualMachines/jdk1.8.0_261.jdk/Contents/Home/jre/lib/endorsed"/>
    <property name="java.runtime.name" value="Java(TM) SE Runtime Environment"/>
    <property name="file.encoding" value="UTF-8"/>
    <property name="java.vm.name" value="Java HotSpot(TM) 64-Bit Server VM"/>
    <property name="localRepository" value="/Users/shashank.kumar.tyagi/.m2/repository"/>
    <property name="java.vendor.url.bug" value="http://bugreport.sun.com/bugreport/"/>
    <property name="java.io.tmpdir" value="/var/folders/5k/4hy7_b551xn88bthrlngsr_80000gr/T/"/>
    <property name="java.version" value="1.8.0_261"/>
    <property name="user.dir" value="/Users/shashank.kumar.tyagi/eclipse-workspace/PetstoreAPIAutomation"/>
    <property name="os.arch" value="x86_64"/>
    <property name="java.vm.specification.name" value="Java Virtual Machine Specification"/>
    <property name="java.awt.printerjob" value="sun.lwawt.macosx.CPrinterJob"/>
    <property name="sun.os.patch.level" value="unknown"/>
    <property name="java.library.path" value="/Users/shashank.kumar.tyagi/Library/Java/Extensions:/Library/Java/Extensions:/Network/Library/Java/Extensions:/System/Library/Java/Extensions:/usr/lib/java:."/>
    <property name="java.vm.info" value="mixed mode"/>
    <property name="java.vendor" value="Oracle Corporation"/>
    <property name="java.vm.version" value="25.261-b12"/>
    <property name="java.ext.dirs" value="/Users/shashank.kumar.tyagi/Library/Java/Extensions:/Library/Java/JavaVirtualMachines/jdk1.8.0_261.jdk/Contents/Home/jre/lib/ext:/Library/Java/Extensions:/Network/Library/Java/Extensions:/System/Library/Java/Extensions:/usr/lib/java"/>
    <property name="sun.io.unicode.encoding" value="UnicodeBig"/>
    <property name="java.class.version" value="52.0"/>
  </properties>
  <testcase name="shouldAnswerWithTrue" classname="ApiTest.PetstoreAPIAutomation.AppTest" time="0.002"/>
</testsuite>